<?xml version="1.0" encoding="UTF-8"?>
<!-- Generated by org.testng.reporters.JUnitReportReporter -->
<testsuite hostname="DESKTOP-H7S8JTG" failures="0" tests="3" name="testcases.HomePageTest" time="192.469" errors="0" timestamp="2021-04-24T13:46:12 IST" skipped="0">
  <testcase classname="testcases.HomePageTest" name="verifyNameValidationMessage" time="55.093"/>
  <system-out/>
  <testcase classname="testcases.HomePageTest" name="homeLogin" time="68.821"/>
  <system-out/>
  <testcase classname="testcases.HomePageTest" name="homeLogin" time="68.555"/>
  <system-out/>
</testsuite> <!-- testcases.HomePageTest -->
