<?xml version="1.0" encoding="UTF-8"?>
<!-- Generated by org.testng.reporters.JUnitReportReporter -->
<testsuite skipped="0" hostname="DESKTOP-H7S8JTG" name="testcases.HomePageTest" tests="3" failures="0" timestamp="24 Apr 2021 10:35:04 GMT" time="219.845" errors="0">
  <testcase name="homeLogin" time="87.291" classname="testcases.HomePageTest"/>
  <testcase name="verifyNameValidationMessage" time="53.431" classname="testcases.HomePageTest"/>
  <testcase name="homeLogin" time="79.123" classname="testcases.HomePageTest"/>
</testsuite> <!-- testcases.HomePageTest -->
